2025-02-19 08:25:51,426 INFO [http-nio-8080-exec-8] c.g.u.c.i.LoggingInterceptor [LoggingInterceptor.java:63] 
Request URL: /user/wx/login
Method: POST
Class: UserController
Method: user_login
Param: code=0f18Q7100OltJT1J6p300wYVpj08Q71d
Client IP: 10.45.4.53

2025-02-19 08:25:52,002 INFO [http-nio-8080-exec-7] c.g.u.c.i.LoggingInterceptor [LoggingInterceptor.java:63] 
Request URL: /user/wx/getEvent
Method: GET
Class: EventController
Method: getEvent
Param: page=1
Param: size=5
Client IP: 10.45.4.53

2025-02-19 08:25:52,003 ERROR [http-nio-8080-exec-7] c.g.u.c.i.WeChatRequestInterceptor [WeChatRequestInterceptor.java:98] Request body is empty
2025-02-19 08:25:52,047 INFO [http-nio-8080-exec-10] c.g.u.c.i.LoggingInterceptor [LoggingInterceptor.java:63] 
Request URL: /user/wx/getEvent
Method: GET
Class: EventController
Method: getEvent
Param: page=1
Param: size=5
Client IP: 10.45.4.53

2025-02-19 08:27:26,078 INFO [http-nio-8080-exec-5] c.g.u.c.i.LoggingInterceptor [LoggingInterceptor.java:63] 
Request URL: /user/wx/getNearestEvent
Method: POST
Class: EventController
Method: getNearestEvent
Param: userId=9
Client IP: 10.45.4.53

2025-02-19 08:27:26,078 INFO [http-nio-8080-exec-6] c.g.u.c.i.LoggingInterceptor [LoggingInterceptor.java:63] 
Request URL: /user/wx/getNearestEvent
Method: POST
Class: EventController
Method: getNearestEvent
Param: userId=9
Client IP: 10.45.4.53

2025-02-19 08:29:33,747 INFO [http-nio-8080-exec-9] c.g.u.c.i.LoggingInterceptor [LoggingInterceptor.java:63] 
Request URL: /user/wx/getNearestEvent
Method: POST
Class: EventController
Method: getNearestEvent
Param: userId=9
Client IP: 10.45.4.53

2025-02-19 08:29:36,374 INFO [http-nio-8080-exec-7] c.g.u.c.i.LoggingInterceptor [LoggingInterceptor.java:63] 
Request URL: /user/wx/getItems
Method: POST
Class: UserController
Method: getItems
Param: userId=9
Client IP: 10.45.4.53

2025-02-19 08:29:39,470 INFO [http-nio-8080-exec-8] c.g.u.c.i.LoggingInterceptor [LoggingInterceptor.java:63] 
Request URL: /user/wx/useItem
Method: POST
Class: UserController
Method: useItem
Client IP: 10.45.4.53

2025-02-19 08:29:40,877 INFO [http-nio-8080-exec-10] c.g.u.c.i.LoggingInterceptor [LoggingInterceptor.java:63] 
Request URL: /user/wx/getNearestEvent
Method: POST
Class: EventController
Method: getNearestEvent
Param: userId=9
Client IP: 10.45.4.53

2025-02-19 08:29:47,228 INFO [http-nio-8080-exec-3] c.g.u.c.i.LoggingInterceptor [LoggingInterceptor.java:63] 
Request URL: /user/wx/getEvent
Method: GET
Class: EventController
Method: getEvent
Param: page=2
Param: size=5
Client IP: 10.45.4.53

2025-02-19 08:29:51,728 INFO [http-nio-8080-exec-1] c.g.u.c.i.LoggingInterceptor [LoggingInterceptor.java:63] 
Request URL: /user/wx/getKey
Method: GET
Class: MapController
Method: getKey
Client IP: 10.45.4.53

2025-02-19 08:29:52,278 INFO [http-nio-8080-exec-5] c.g.u.c.i.LoggingInterceptor [LoggingInterceptor.java:63] 
Request URL: /user/wx/getEventByMap
Method: POST
Class: EventController
Method: getEventByMap
Param: page=1
Param: size=5
Param: location=国威体育乒乓单训部
Client IP: 10.45.4.53

2025-02-19 08:30:11,409 INFO [http-nio-8080-exec-6] c.g.u.c.i.LoggingInterceptor [LoggingInterceptor.java:63] 
Request URL: /user/wx/getTemplateByPer
Method: POST
Class: EventController
Method: getTemplateByPer
Param: userId=9
Client IP: 10.45.4.53

2025-02-19 08:30:14,479 INFO [http-nio-8080-exec-2] c.g.u.c.i.LoggingInterceptor [LoggingInterceptor.java:63] 
Request URL: /user/wx/createEvent
Method: POST
Class: EventController
Method: createEvent
Client IP: 10.45.4.53

2025-02-19 08:30:20,320 INFO [http-nio-8080-exec-4] c.g.u.c.i.LoggingInterceptor [LoggingInterceptor.java:63] 
Request URL: /user/wx/getEventByMap
Method: POST
Class: EventController
Method: getEventByMap
Param: page=1
Param: size=5
Param: location=国威体育乒乓单训部
Client IP: 10.45.4.53

2025-02-19 08:30:23,572 INFO [http-nio-8080-exec-9] c.g.u.c.i.LoggingInterceptor [LoggingInterceptor.java:63] 
Request URL: /user/wx/getEventByMap
Method: POST
Class: EventController
Method: getEventByMap
Param: page=1
Param: size=5
Param: location=国威体育乒乓单训部
Client IP: 10.45.4.53

2025-02-19 08:30:24,187 INFO [http-nio-8080-exec-7] c.g.u.c.i.LoggingInterceptor [LoggingInterceptor.java:63] 
Request URL: /user/wx/getEventByMap
Method: POST
Class: EventController
Method: getEventByMap
Param: page=1
Param: size=5
Param: location=国威体育乒乓单训部
Client IP: 10.45.4.53

2025-02-19 08:30:24,661 INFO [http-nio-8080-exec-8] c.g.u.c.i.LoggingInterceptor [LoggingInterceptor.java:63] 
Request URL: /user/wx/getEventByMap
Method: POST
Class: EventController
Method: getEventByMap
Param: page=1
Param: size=5
Param: location=国威体育乒乓单训部
Client IP: 10.45.4.53

2025-02-19 08:30:24,862 INFO [http-nio-8080-exec-10] c.g.u.c.i.LoggingInterceptor [LoggingInterceptor.java:63] 
Request URL: /user/wx/getEventByMap
Method: POST
Class: EventController
Method: getEventByMap
Param: page=1
Param: size=5
Param: location=国威体育乒乓单训部
Client IP: 10.45.4.53

2025-02-19 08:30:27,859 INFO [http-nio-8080-exec-3] c.g.u.c.i.LoggingInterceptor [LoggingInterceptor.java:63] 
Request URL: /user/wx/getEventByMap
Method: POST
Class: EventController
Method: getEventByMap
Param: page=1
Param: size=5
Param: location=淡水街道松岭社区乒乓球活动室
Client IP: 10.45.4.53

2025-02-19 08:30:28,862 INFO [http-nio-8080-exec-1] c.g.u.c.i.LoggingInterceptor [LoggingInterceptor.java:63] 
Request URL: /user/wx/getEventByMap
Method: POST
Class: EventController
Method: getEventByMap
Param: page=1
Param: size=5
Param: location=国威体育乒乓单训部
Client IP: 10.45.4.53

2025-02-19 08:30:33,894 INFO [http-nio-8080-exec-5] c.g.u.c.i.LoggingInterceptor [LoggingInterceptor.java:63] 
Request URL: /user/wx/getEvent
Method: GET
Class: EventController
Method: getEvent
Param: page=3
Param: size=5
Client IP: 10.45.4.53

2025-02-19 08:30:39,375 INFO [http-nio-8080-exec-6] c.g.u.c.i.LoggingInterceptor [LoggingInterceptor.java:63] 
Request URL: /user/wx/getEvent
Method: GET
Class: EventController
Method: getEvent
Param: page=4
Param: size=5
Client IP: 10.45.4.53

2025-02-19 08:30:40,648 INFO [http-nio-8080-exec-2] c.g.u.c.i.LoggingInterceptor [LoggingInterceptor.java:63] 
Request URL: /user/wx/getKey
Method: GET
Class: MapController
Method: getKey
Client IP: 10.45.4.53

2025-02-19 08:30:41,207 INFO [http-nio-8080-exec-4] c.g.u.c.i.LoggingInterceptor [LoggingInterceptor.java:63] 
Request URL: /user/wx/getEventByMap
Method: POST
Class: EventController
Method: getEventByMap
Param: page=1
Param: size=5
Param: location=国威体育乒乓单训部
Client IP: 10.45.4.53

2025-02-19 08:30:44,483 INFO [http-nio-8080-exec-9] c.g.u.c.i.LoggingInterceptor [LoggingInterceptor.java:63] 
Request URL: /user/wx/getEvent
Method: GET
Class: EventController
Method: getEvent
Param: page=4
Param: size=5
Client IP: 10.45.4.53

2025-02-19 08:30:48,832 INFO [http-nio-8080-exec-7] c.g.u.c.i.LoggingInterceptor [LoggingInterceptor.java:63] 
Request URL: /user/wx/getKey
Method: GET
Class: MapController
Method: getKey
Client IP: 10.45.4.53

2025-02-19 08:30:48,976 INFO [http-nio-8080-exec-8] c.g.u.c.i.LoggingInterceptor [LoggingInterceptor.java:63] 
Request URL: /user/wx/getEventByMap
Method: POST
Class: EventController
Method: getEventByMap
Param: page=1
Param: size=5
Param: location=国威体育乒乓单训部
Client IP: 10.45.4.53

2025-02-19 08:30:58,540 INFO [http-nio-8080-exec-10] c.g.u.c.i.LoggingInterceptor [LoggingInterceptor.java:63] 
Request URL: /user/wx/getTemplateByPer
Method: POST
Class: EventController
Method: getTemplateByPer
Param: userId=9
Client IP: 10.45.4.53

2025-02-19 08:31:04,692 INFO [http-nio-8080-exec-3] c.g.u.c.i.LoggingInterceptor [LoggingInterceptor.java:63] 
Request URL: /user/wx/getTemplateByPer
Method: POST
Class: EventController
Method: getTemplateByPer
Param: userId=9
Client IP: 10.45.4.53

2025-02-19 08:31:07,907 INFO [http-nio-8080-exec-1] c.g.u.c.i.LoggingInterceptor [LoggingInterceptor.java:63] 
Request URL: /user/wx/getEvent
Method: GET
Class: EventController
Method: getEvent
Param: page=4
Param: size=5
Client IP: 10.45.4.53

2025-02-19 08:39:06,962 INFO [http-nio-8080-exec-6] c.g.u.c.i.LoggingInterceptor [LoggingInterceptor.java:63] 
Request URL: /user/wx/login
Method: POST
Class: UserController
Method: user_login
Param: code=0e19vj000ZffKT1aS6000zu2RN29vj0W
Client IP: 10.45.4.53

2025-02-19 08:39:07,327 INFO [http-nio-8080-exec-2] c.g.u.c.i.LoggingInterceptor [LoggingInterceptor.java:63] 
Request URL: /user/wx/getEvent
Method: GET
Class: EventController
Method: getEvent
Param: page=1
Param: size=5
Client IP: 10.45.4.53

2025-02-19 08:39:07,645 INFO [http-nio-8080-exec-4] c.g.u.c.i.LoggingInterceptor [LoggingInterceptor.java:63] 
Request URL: /user/wx/getEvent
Method: GET
Class: EventController
Method: getEvent
Param: page=2
Param: size=5
Client IP: 10.45.4.53

2025-02-19 08:39:11,659 INFO [http-nio-8080-exec-9] c.g.u.c.i.LoggingInterceptor [LoggingInterceptor.java:63] 
Request URL: /user/wx/getEvent
Method: GET
Class: EventController
Method: getEvent
Param: page=3
Param: size=5
Client IP: 10.45.4.53

2025-02-19 08:39:15,516 INFO [http-nio-8080-exec-7] c.g.u.c.i.LoggingInterceptor [LoggingInterceptor.java:63] 
Request URL: /user/wx/getEvent
Method: GET
Class: EventController
Method: getEvent
Param: page=4
Param: size=5
Client IP: 10.45.4.53

2025-02-19 08:39:17,861 INFO [http-nio-8080-exec-8] c.g.u.c.i.LoggingInterceptor [LoggingInterceptor.java:63] 
Request URL: /user/wx/getKey
Method: GET
Class: MapController
Method: getKey
Client IP: 10.45.4.53

2025-02-19 08:39:18,397 INFO [http-nio-8080-exec-10] c.g.u.c.i.LoggingInterceptor [LoggingInterceptor.java:63] 
Request URL: /user/wx/getEventByMap
Method: POST
Class: EventController
Method: getEventByMap
Param: page=1
Param: size=5
Param: location=国威体育乒乓单训部
Client IP: 10.45.4.53

2025-02-19 08:39:26,714 INFO [http-nio-8080-exec-3] c.g.u.c.i.LoggingInterceptor [LoggingInterceptor.java:63] 
Request URL: /user/wx/getTemplateByPer
Method: POST
Class: EventController
Method: getTemplateByPer
Param: userId=9
Client IP: 10.45.4.53

2025-02-19 08:39:31,410 INFO [http-nio-8080-exec-1] c.g.u.c.i.LoggingInterceptor [LoggingInterceptor.java:63] 
Request URL: /user/wx/getTemplateByPer
Method: POST
Class: EventController
Method: getTemplateByPer
Param: userId=9
Client IP: 10.45.4.53

2025-02-19 08:42:01,134 INFO [http-nio-8080-exec-6] c.g.u.c.i.LoggingInterceptor [LoggingInterceptor.java:63] 
Request URL: /user/wx/getTemplateByPer
Method: POST
Class: EventController
Method: getTemplateByPer
Param: userId=9
Client IP: 10.45.4.53

2025-02-19 08:42:10,589 INFO [http-nio-8080-exec-2] c.g.u.c.i.LoggingInterceptor [LoggingInterceptor.java:63] 
Request URL: /user/wx/login
Method: POST
Class: UserController
Method: user_login
Param: code=0c1GD2000vswKT1185300SPXTq4GD20Z
Client IP: 10.45.4.53

2025-02-19 08:42:10,880 INFO [http-nio-8080-exec-4] c.g.u.c.i.LoggingInterceptor [LoggingInterceptor.java:63] 
Request URL: /user/wx/getEvent
Method: GET
Class: EventController
Method: getEvent
Param: page=1
Param: size=5
Client IP: 10.45.4.53

2025-02-19 08:42:10,944 INFO [http-nio-8080-exec-9] c.g.u.c.i.LoggingInterceptor [LoggingInterceptor.java:63] 
Request URL: /user/wx/getEvent
Method: GET
Class: EventController
Method: getEvent
Param: page=2
Param: size=5
Client IP: 10.45.4.53

2025-02-19 08:42:17,851 INFO [http-nio-8080-exec-7] c.g.u.c.i.LoggingInterceptor [LoggingInterceptor.java:63] 
Request URL: /user/wx/getKey
Method: GET
Class: MapController
Method: getKey
Client IP: 10.45.4.53

2025-02-19 08:42:18,338 INFO [http-nio-8080-exec-8] c.g.u.c.i.LoggingInterceptor [LoggingInterceptor.java:63] 
Request URL: /user/wx/getEventByMap
Method: POST
Class: EventController
Method: getEventByMap
Param: page=1
Param: size=5
Param: location=国威体育乒乓单训部
Client IP: 10.45.4.53

2025-02-19 08:42:22,650 INFO [http-nio-8080-exec-10] c.g.u.c.i.LoggingInterceptor [LoggingInterceptor.java:63] 
Request URL: /user/wx/getTemplateByPer
Method: POST
Class: EventController
Method: getTemplateByPer
Param: userId=9
Client IP: 10.45.4.53

2025-02-19 08:43:45,700 INFO [http-nio-8080-exec-1] c.g.u.c.i.LoggingInterceptor [LoggingInterceptor.java:63] 
Request URL: /user/wx/getTemplateByPer
Method: POST
Class: EventController
Method: getTemplateByPer
Param: userId=9
Client IP: 10.45.4.53

2025-02-19 08:45:38,319 INFO [http-nio-8080-exec-6] c.g.u.c.i.LoggingInterceptor [LoggingInterceptor.java:63] 
Request URL: /user/wx/login
Method: POST
Class: UserController
Method: user_login
Param: code=0e1Sxdll2vmG5f4qWVll2Khh8c4Sxdl9
Client IP: 10.45.4.53

2025-02-19 08:45:41,336 INFO [http-nio-8080-exec-2] c.g.u.c.i.LoggingInterceptor [LoggingInterceptor.java:63] 
Request URL: /user/wx/getEvent
Method: GET
Class: EventController
Method: getEvent
Param: page=1
Param: size=5
Client IP: 10.45.4.53

2025-02-19 08:45:42,670 INFO [http-nio-8080-exec-4] c.g.u.c.i.LoggingInterceptor [LoggingInterceptor.java:63] 
Request URL: /user/wx/getKey
Method: GET
Class: MapController
Method: getKey
Client IP: 10.45.4.53

2025-02-19 08:45:43,157 INFO [http-nio-8080-exec-9] c.g.u.c.i.LoggingInterceptor [LoggingInterceptor.java:63] 
Request URL: /user/wx/getEventByMap
Method: POST
Class: EventController
Method: getEventByMap
Param: page=1
Param: size=5
Param: location=国威体育乒乓单训部
Client IP: 10.45.4.53

2025-02-19 08:45:47,324 INFO [http-nio-8080-exec-7] c.g.u.c.i.LoggingInterceptor [LoggingInterceptor.java:63] 
Request URL: /user/wx/getTemplateByPer
Method: POST
Class: EventController
Method: getTemplateByPer
Param: userId=9
Client IP: 10.45.4.53

2025-02-19 08:45:52,420 INFO [http-nio-8080-exec-8] c.g.u.c.i.LoggingInterceptor [LoggingInterceptor.java:63] 
Request URL: /user/wx/getTemplateByPer
Method: POST
Class: EventController
Method: getTemplateByPer
Param: userId=9
Client IP: 10.45.4.53

2025-02-19 08:47:21,232 INFO [http-nio-8080-exec-3] c.g.u.c.i.LoggingInterceptor [LoggingInterceptor.java:63] 
Request URL: /user/wx/login
Method: POST
Class: UserController
Method: user_login
Param: code=0c1qcq100YC8JT1h4d000k9ivd2qcq10
Client IP: 10.45.4.53

2025-02-19 08:47:26,781 INFO [http-nio-8080-exec-1] c.g.u.c.i.LoggingInterceptor [LoggingInterceptor.java:63] 
Request URL: /user/wx/getTemplateByPer
Method: POST
Class: EventController
Method: getTemplateByPer
Param: userId=9
Client IP: 10.45.4.53

2025-02-19 08:49:08,822 INFO [http-nio-8080-exec-6] c.g.u.c.i.LoggingInterceptor [LoggingInterceptor.java:63] 
Request URL: /user/wx/login
Method: POST
Class: UserController
Method: user_login
Param: code=0f14FFkl25l85f43ilol2ADGtn44FFkE
Client IP: 10.45.4.53

2025-02-19 08:49:13,512 INFO [http-nio-8080-exec-2] c.g.u.c.i.LoggingInterceptor [LoggingInterceptor.java:63] 
Request URL: /user/wx/getTemplateByPer
Method: POST
Class: EventController
Method: getTemplateByPer
Param: userId=9
Client IP: 10.45.4.53

2025-02-19 08:50:10,619 INFO [http-nio-8080-exec-4] c.g.u.c.i.LoggingInterceptor [LoggingInterceptor.java:63] 
Request URL: /user/wx/login
Method: POST
Class: UserController
Method: user_login
Param: code=0f1AaO0w3r46q43ZQn2w3WzfB74AaO0M
Client IP: 10.45.4.53

2025-02-19 08:50:16,771 INFO [http-nio-8080-exec-9] c.g.u.c.i.LoggingInterceptor [LoggingInterceptor.java:63] 
Request URL: /user/wx/getTemplateByPer
Method: POST
Class: EventController
Method: getTemplateByPer
Param: userId=9
Client IP: 10.45.4.53

2025-02-19 08:51:50,963 INFO [http-nio-8080-exec-8] c.g.u.c.i.LoggingInterceptor [LoggingInterceptor.java:63] 
Request URL: /user/wx/login
Method: POST
Class: UserController
Method: user_login
Param: code=0a1iPFkl2ES95f4hpell2wWbp93iPFkn
Client IP: 10.45.4.53

2025-02-19 08:51:54,696 INFO [http-nio-8080-exec-10] c.g.u.c.i.LoggingInterceptor [LoggingInterceptor.java:63] 
Request URL: /user/wx/getTemplateByPer
Method: POST
Class: EventController
Method: getTemplateByPer
Param: userId=9
Client IP: 10.45.4.53

2025-02-19 08:52:46,840 INFO [http-nio-8080-exec-3] c.g.u.c.i.LoggingInterceptor [LoggingInterceptor.java:63] 
Request URL: /user/wx/getTemplateByPer
Method: POST
Class: EventController
Method: getTemplateByPer
Param: userId=9
Client IP: 10.45.4.53

2025-02-19 08:53:58,996 INFO [http-nio-8080-exec-5] c.g.u.c.i.LoggingInterceptor [LoggingInterceptor.java:63] 
Request URL: /user/wx/login
Method: POST
Class: UserController
Method: user_login
Param: code=0b16BU1w3Cj1p43WHn1w3Kjrgs26BU1Z
Client IP: 10.45.4.53

2025-02-19 08:54:01,715 INFO [http-nio-8080-exec-6] c.g.u.c.i.LoggingInterceptor [LoggingInterceptor.java:63] 
Request URL: /user/wx/getTemplateByPer
Method: POST
Class: EventController
Method: getTemplateByPer
Param: userId=9
Client IP: 10.45.4.53

2025-02-19 08:59:09,702 INFO [http-nio-8080-exec-4] c.g.u.c.i.LoggingInterceptor [LoggingInterceptor.java:63] 
Request URL: /user/wx/login
Method: POST
Class: UserController
Method: user_login
Param: code=0b1zL51w39pKo438op2w3Dhny01zL51-
Client IP: 10.45.4.53

2025-02-19 08:59:14,153 INFO [http-nio-8080-exec-9] c.g.u.c.i.LoggingInterceptor [LoggingInterceptor.java:63] 
Request URL: /user/wx/getTemplateByPer
Method: POST
Class: EventController
Method: getTemplateByPer
Param: userId=9
Client IP: 10.45.4.53

2025-02-19 08:59:27,896 INFO [http-nio-8080-exec-7] c.g.u.c.i.LoggingInterceptor [LoggingInterceptor.java:63] 
Request URL: /user/wx/login
Method: POST
Class: UserController
Method: user_login
Param: code=0c19oell2cYH5f4Frqll27nCfs29oelS
Client IP: 10.45.4.53

2025-02-19 08:59:31,871 INFO [http-nio-8080-exec-8] c.g.u.c.i.LoggingInterceptor [LoggingInterceptor.java:63] 
Request URL: /user/wx/getTemplateByPer
Method: POST
Class: EventController
Method: getTemplateByPer
Param: userId=9
Client IP: 10.45.4.53

2025-02-19 08:59:34,706 INFO [http-nio-8080-exec-10] c.g.u.c.i.LoggingInterceptor [LoggingInterceptor.java:63] 
Request URL: /user/wx/createEvent
Method: POST
Class: EventController
Method: createEvent
Client IP: 10.45.4.53

2025-02-19 08:59:38,893 INFO [http-nio-8080-exec-3] c.g.u.c.i.LoggingInterceptor [LoggingInterceptor.java:63] 
Request URL: /user/wx/getEvent
Method: GET
Class: EventController
Method: getEvent
Param: page=1
Param: size=5
Client IP: 10.45.4.53

2025-02-19 08:59:43,491 INFO [http-nio-8080-exec-1] c.g.u.c.i.LoggingInterceptor [LoggingInterceptor.java:63] 
Request URL: /user/wx/getEvent
Method: GET
Class: EventController
Method: getEvent
Param: page=2
Param: size=5
Client IP: 10.45.4.53

2025-02-19 08:59:46,944 INFO [http-nio-8080-exec-5] c.g.u.c.i.LoggingInterceptor [LoggingInterceptor.java:63] 
Request URL: /user/wx/getEvent
Method: GET
Class: EventController
Method: getEvent
Param: page=3
Param: size=5
Client IP: 10.45.4.53

2025-02-19 08:59:52,719 INFO [http-nio-8080-exec-6] c.g.u.c.i.LoggingInterceptor [LoggingInterceptor.java:63] 
Request URL: /user/wx/getEvent
Method: GET
Class: EventController
Method: getEvent
Param: page=4
Param: size=5
Client IP: 10.45.4.53

2025-02-19 09:01:39,130 INFO [http-nio-8080-exec-4] c.g.u.c.i.LoggingInterceptor [LoggingInterceptor.java:63] 
Request URL: /user/wx/login
Method: POST
Class: UserController
Method: user_login
Param: code=0e1pYS000fPNKT1co2200fhhNV2pYS0-
Client IP: 10.45.4.53

2025-02-19 09:01:39,456 INFO [http-nio-8080-exec-9] c.g.u.c.i.LoggingInterceptor [LoggingInterceptor.java:63] 
Request URL: /user/wx/getEvent
Method: GET
Class: EventController
Method: getEvent
Param: page=1
Param: size=5
Client IP: 10.45.4.53

2025-02-19 09:01:39,599 INFO [http-nio-8080-exec-7] c.g.u.c.i.LoggingInterceptor [LoggingInterceptor.java:63] 
Request URL: /user/wx/getEvent
Method: GET
Class: EventController
Method: getEvent
Param: page=2
Param: size=5
Client IP: 10.45.4.53

2025-02-19 09:01:40,234 INFO [http-nio-8080-exec-8] c.g.u.c.i.LoggingInterceptor [LoggingInterceptor.java:63] 
Request URL: /user/wx/getKey
Method: GET
Class: MapController
Method: getKey
Client IP: 10.45.4.53

2025-02-19 09:01:40,787 INFO [http-nio-8080-exec-10] c.g.u.c.i.LoggingInterceptor [LoggingInterceptor.java:63] 
Request URL: /user/wx/getEventByMap
Method: POST
Class: EventController
Method: getEventByMap
Param: page=1
Param: size=5
Param: location=国威体育乒乓单训部
Client IP: 10.45.4.53

2025-02-19 09:01:46,869 INFO [http-nio-8080-exec-3] c.g.u.c.i.LoggingInterceptor [LoggingInterceptor.java:63] 
Request URL: /user/wx/getTemplateByPer
Method: POST
Class: EventController
Method: getTemplateByPer
Param: userId=9
Client IP: 10.45.4.53

2025-02-19 09:01:49,556 INFO [http-nio-8080-exec-1] c.g.u.c.i.LoggingInterceptor [LoggingInterceptor.java:63] 
Request URL: /user/wx/createEvent
Method: POST
Class: EventController
Method: createEvent
Client IP: 10.45.4.53

2025-02-19 09:01:54,624 INFO [http-nio-8080-exec-5] c.g.u.c.i.LoggingInterceptor [LoggingInterceptor.java:63] 
Request URL: /user/wx/getEventByMap
Method: POST
Class: EventController
Method: getEventByMap
Param: page=1
Param: size=5
Param: location=国威体育乒乓单训部
Client IP: 10.45.4.53

2025-02-19 09:01:57,446 INFO [http-nio-8080-exec-6] c.g.u.c.i.LoggingInterceptor [LoggingInterceptor.java:63] 
Request URL: /user/wx/getEvent
Method: GET
Class: EventController
Method: getEvent
Param: page=3
Param: size=5
Client IP: 10.45.4.53

2025-02-19 09:02:03,371 INFO [http-nio-8080-exec-2] c.g.u.c.i.LoggingInterceptor [LoggingInterceptor.java:63] 
Request URL: /user/wx/getEvent
Method: GET
Class: EventController
Method: getEvent
Param: page=4
Param: size=5
Client IP: 10.45.4.53

2025-02-19 09:02:03,874 INFO [http-nio-8080-exec-4] c.g.u.c.i.LoggingInterceptor [LoggingInterceptor.java:63] 
Request URL: /user/wx/getEvent
Method: GET
Class: EventController
Method: getEvent
Param: page=4
Param: size=5
Client IP: 10.45.4.53

2025-02-19 09:24:54,014 INFO [http-nio-8080-exec-7] c.g.u.c.i.LoggingInterceptor [LoggingInterceptor.java:63] 
Request URL: /user/wx/login
Method: POST
Class: UserController
Method: user_login
Param: code=0d1m2Oll2V6a4f4wNCml2WYqp20m2Ol4
Client IP: 10.45.4.53

2025-02-19 09:24:54,322 INFO [http-nio-8080-exec-8] c.g.u.c.i.LoggingInterceptor [LoggingInterceptor.java:63] 
Request URL: /user/wx/getEvent
Method: GET
Class: EventController
Method: getEvent
Param: page=1
Param: size=5
Client IP: 10.45.4.53

2025-02-19 09:24:54,432 INFO [http-nio-8080-exec-10] c.g.u.c.i.LoggingInterceptor [LoggingInterceptor.java:63] 
Request URL: /user/wx/getEvent
Method: GET
Class: EventController
Method: getEvent
Param: page=2
Param: size=5
Client IP: 10.45.4.53

2025-02-19 09:24:57,850 INFO [http-nio-8080-exec-3] c.g.u.c.i.LoggingInterceptor [LoggingInterceptor.java:63] 
Request URL: /user/wx/getEvent
Method: GET
Class: EventController
Method: getEvent
Param: page=3
Param: size=5
Client IP: 10.45.4.53

2025-02-19 09:25:00,366 INFO [http-nio-8080-exec-1] c.g.u.c.i.LoggingInterceptor [LoggingInterceptor.java:63] 
Request URL: /user/wx/getEvent
Method: GET
Class: EventController
Method: getEvent
Param: page=4
Param: size=5
Client IP: 10.45.4.53

2025-02-19 09:25:10,717 INFO [http-nio-8080-exec-5] c.g.u.c.i.LoggingInterceptor [LoggingInterceptor.java:63] 
Request URL: /user/wx/getTemplateByPer
Method: POST
Class: EventController
Method: getTemplateByPer
Param: userId=9
Client IP: 10.45.4.53

2025-02-19 09:25:28,244 INFO [http-nio-8080-exec-6] c.g.u.c.i.LoggingInterceptor [LoggingInterceptor.java:63] 
Request URL: /user/wx/createEvent
Method: POST
Class: EventController
Method: createEvent
Client IP: 10.45.4.53

2025-02-19 09:25:28,817 INFO [http-nio-8080-exec-2] c.g.u.c.i.LoggingInterceptor [LoggingInterceptor.java:63] 
Request URL: /user/wx/getEvent
Method: GET
Class: EventController
Method: getEvent
Param: page=4
Param: size=5
Client IP: 10.45.4.53

2025-02-19 14:55:45,482 INFO [SpringApplicationShutdownHook] c.z.h.HikariDataSource [HikariDataSource.java:350] HikariPool-1 - Shutdown initiated...
2025-02-19 14:55:45,489 INFO [SpringApplicationShutdownHook] c.z.h.HikariDataSource [HikariDataSource.java:352] HikariPool-1 - Shutdown completed.
2025-02-19 14:57:18,300 INFO [main] c.g.u.UserCenterBackendApplication [StartupInfoLogger.java:50] Starting UserCenterBackendApplication using Java 17.0.13 with PID 45120 (C:\Users\GASEN\Documents\GitHub\wx-miniprogram\user-center-backend-master\target\classes started by GASEN in C:\Users\GASEN\Documents\GitHub\wx-miniprogram\user-center-backend-master)
2025-02-19 14:57:18,301 INFO [main] c.g.u.UserCenterBackendApplication [SpringApplication.java:654] No active profile set, falling back to 1 default profile: "default"
2025-02-19 14:57:18,882 INFO [main] o.s.d.r.c.RepositoryConfigurationDelegate [RepositoryConfigurationDelegate.java:292] Multiple Spring Data modules found, entering strict repository configuration mode
2025-02-19 14:57:18,884 INFO [main] o.s.d.r.c.RepositoryConfigurationDelegate [RepositoryConfigurationDelegate.java:139] Bootstrapping Spring Data Redis repositories in DEFAULT mode.
2025-02-19 14:57:18,905 INFO [main] o.s.d.r.c.RepositoryConfigurationDelegate [RepositoryConfigurationDelegate.java:208] Finished Spring Data repository scanning in 12 ms. Found 0 Redis repository interfaces.
2025-02-19 14:57:19,287 INFO [main] o.s.b.w.e.t.TomcatWebServer [TomcatWebServer.java:109] Tomcat initialized with port 8080 (http)
2025-02-19 14:57:19,295 INFO [main] o.a.c.h.Http11NioProtocol [DirectJDKLog.java:173] Initializing ProtocolHandler ["http-nio-8080"]
2025-02-19 14:57:19,296 INFO [main] o.a.c.c.StandardService [DirectJDKLog.java:173] Starting service [Tomcat]
2025-02-19 14:57:19,297 INFO [main] o.a.c.c.StandardEngine [DirectJDKLog.java:173] Starting Servlet engine: [Apache Tomcat/10.1.18]
2025-02-19 14:57:19,345 INFO [main] o.a.c.c.C.[.[.[/] [DirectJDKLog.java:173] Initializing Spring embedded WebApplicationContext
2025-02-19 14:57:19,345 INFO [main] o.s.b.w.s.c.ServletWebServerApplicationContext [ServletWebServerApplicationContext.java:296] Root WebApplicationContext: initialization completed in 1012 ms
2025-02-19 14:57:19,787 WARN [main] c.b.m.c.m.TableInfoHelper [TableInfoHelper.java:376] Can not find table primary key in Class: "com.gasen.usercenterbackend.model.Items".
2025-02-19 14:57:19,788 WARN [main] c.b.m.c.i.DefaultSqlInjector [DefaultSqlInjector.java:52] class com.gasen.usercenterbackend.model.Items ,Not found @TableId annotation, Cannot use Mybatis-Plus 'xxById' Method.
2025-02-19 14:57:20,286 INFO [main] o.a.c.h.Http11NioProtocol [DirectJDKLog.java:173] Starting ProtocolHandler ["http-nio-8080"]
2025-02-19 14:57:20,299 INFO [main] o.s.b.w.e.t.TomcatWebServer [TomcatWebServer.java:241] Tomcat started on port 8080 (http) with context path ''
2025-02-19 14:57:20,306 INFO [main] c.g.u.UserCenterBackendApplication [StartupInfoLogger.java:56] Started UserCenterBackendApplication in 2.346 seconds (process running for 3.355)
2025-02-19 14:57:40,828 INFO [http-nio-8080-exec-1] o.a.c.c.C.[.[.[/] [DirectJDKLog.java:173] Initializing Spring DispatcherServlet 'dispatcherServlet'
2025-02-19 14:57:40,829 INFO [http-nio-8080-exec-1] o.s.w.s.DispatcherServlet [FrameworkServlet.java:532] Initializing Servlet 'dispatcherServlet'
2025-02-19 14:57:40,829 INFO [http-nio-8080-exec-1] o.s.w.s.DispatcherServlet [FrameworkServlet.java:554] Completed initialization in 0 ms
2025-02-19 14:57:40,845 INFO [http-nio-8080-exec-1] c.g.u.c.i.LoggingInterceptor [LoggingInterceptor.java:63] 
Request URL: /user/wx/login
Method: POST
Class: UserController
Method: user_login
Param: code=0c1ieAll2A6G5f4eDFkl2dF3DS0ieAl5
Client IP: 10.45.4.53

2025-02-19 14:57:41,340 INFO [http-nio-8080-exec-2] c.g.u.c.i.LoggingInterceptor [LoggingInterceptor.java:63] 
Request URL: /user/wx/getEvent
Method: GET
Class: EventController
Method: getEvent
Param: page=1
Param: size=5
Client IP: 10.45.4.53

2025-02-19 14:57:41,341 ERROR [http-nio-8080-exec-2] c.g.u.c.i.WeChatRequestInterceptor [WeChatRequestInterceptor.java:98] Request body is empty
2025-02-19 14:57:42,099 INFO [http-nio-8080-exec-1] c.z.h.HikariDataSource [HikariDataSource.java:110] HikariPool-1 - Starting...
2025-02-19 14:57:42,269 INFO [http-nio-8080-exec-1] c.z.h.p.HikariPool [HikariPool.java:565] HikariPool-1 - Added connection com.mysql.cj.jdbc.ConnectionImpl@7c153db9
2025-02-19 14:57:42,271 INFO [http-nio-8080-exec-1] c.z.h.HikariDataSource [HikariDataSource.java:123] HikariPool-1 - Start completed.
2025-02-19 14:57:42,400 INFO [http-nio-8080-exec-7] c.g.u.c.i.LoggingInterceptor [LoggingInterceptor.java:63] 
Request URL: /user/wx/getEvent
Method: GET
Class: EventController
Method: getEvent
Param: page=1
Param: size=5
Client IP: 10.45.4.53

2025-02-19 14:58:00,316 INFO [http-nio-8080-exec-8] c.g.u.c.i.LoggingInterceptor [LoggingInterceptor.java:63] 
Request URL: /user/wx/getTemplateByPer
Method: POST
Class: EventController
Method: getTemplateByPer
Param: userId=9
Client IP: 10.45.4.53

2025-02-19 15:01:51,668 INFO [http-nio-8080-exec-3] c.g.u.c.i.LoggingInterceptor [LoggingInterceptor.java:63] 
Request URL: /user/wx/deleteTemplateByPer
Method: POST
Class: EventController
Method: deleteTemplateByPer
Param: userId=9
Param: templateId=3
Client IP: 10.45.4.53

2025-02-19 15:01:51,715 INFO [http-nio-8080-exec-4] c.g.u.c.i.LoggingInterceptor [LoggingInterceptor.java:63] 
Request URL: /user/wx/getTemplateByPer
Method: POST
Class: EventController
Method: getTemplateByPer
Param: userId=9
Client IP: 10.45.4.53

2025-02-19 15:02:28,799 INFO [http-nio-8080-exec-5] c.g.u.c.i.LoggingInterceptor [LoggingInterceptor.java:63] 
Request URL: /user/wx/deleteTemplateByPer
Method: POST
Class: EventController
Method: deleteTemplateByPer
Param: userId=9
Param: templateId=19
Client IP: 10.45.4.53

2025-02-19 15:02:28,837 INFO [http-nio-8080-exec-6] c.g.u.c.i.LoggingInterceptor [LoggingInterceptor.java:63] 
Request URL: /user/wx/getTemplateByPer
Method: POST
Class: EventController
Method: getTemplateByPer
Param: userId=9
Client IP: 10.45.4.53

2025-02-19 15:05:30,796 INFO [http-nio-8080-exec-1] c.g.u.c.i.LoggingInterceptor [LoggingInterceptor.java:63] 
Request URL: /user/wx/getTemplateByPer
Method: POST
Class: EventController
Method: getTemplateByPer
Param: userId=9
Client IP: 10.45.4.53

2025-02-19 15:05:43,408 INFO [http-nio-8080-exec-7] c.g.u.c.i.LoggingInterceptor [LoggingInterceptor.java:63] 
Request URL: /user/wx/login
Method: POST
Class: UserController
Method: user_login
Param: code=0e1DC2ll2ZfR4f4myiol2Md1q42DC2li
Client IP: 10.45.4.53

2025-02-19 15:05:43,691 INFO [http-nio-8080-exec-8] c.g.u.c.i.LoggingInterceptor [LoggingInterceptor.java:63] 
Request URL: /user/wx/getEvent
Method: GET
Class: EventController
Method: getEvent
Param: page=1
Param: size=5
Client IP: 10.45.4.53

2025-02-19 15:05:43,692 ERROR [http-nio-8080-exec-8] c.g.u.c.i.WeChatRequestInterceptor [WeChatRequestInterceptor.java:98] Request body is empty
2025-02-19 15:05:43,733 INFO [http-nio-8080-exec-9] c.g.u.c.i.LoggingInterceptor [LoggingInterceptor.java:63] 
Request URL: /user/wx/getEvent
Method: GET
Class: EventController
Method: getEvent
Param: page=1
Param: size=5
Client IP: 10.45.4.53

